<?xml version="1.0" encoding="UTF-8"?>
<testng-results ignored="0" total="3" passed="3" failed="0" skipped="0">
  <reporter-output>
  </reporter-output>
  <suite started-at="2023-05-10T21:19:04 WAT" name="Default suite" finished-at="2023-05-10T21:19:34 WAT" duration-ms="30445">
    <groups>
    </groups>
    <test started-at="2023-05-10T21:19:04 WAT" name="Default test" finished-at="2023-05-10T21:19:34 WAT" duration-ms="30445">
      <class name="testCases.SignUp">
        <test-method is-config="true" signature="beforeExecution()[pri:0, instance:testCases.SignUp@10163d6]" started-at="2023-05-10T21:19:04 WAT" name="beforeExecution" finished-at="2023-05-10T21:19:34 WAT" duration-ms="30090" status="PASS">
          <reporter-output>
          </reporter-output>
        </test-method> <!-- beforeExecution -->
        <test-method signature="emptyEmail()[pri:0, instance:testCases.SignUp@10163d6]" started-at="2023-05-10T21:19:34 WAT" name="emptyEmail" finished-at="2023-05-10T21:19:34 WAT" duration-ms="63" status="PASS">
          <reporter-output>
          </reporter-output>
        </test-method> <!-- emptyEmail -->
        <test-method signature="invalidEmail()[pri:0, instance:testCases.SignUp@10163d6]" started-at="2023-05-10T21:19:34 WAT" name="invalidEmail" finished-at="2023-05-10T21:19:34 WAT" duration-ms="148" status="PASS">
          <reporter-output>
          </reporter-output>
        </test-method> <!-- invalidEmail -->
        <test-method signature="validEmail()[pri:0, instance:testCases.SignUp@10163d6]" started-at="2023-05-10T21:19:34 WAT" name="validEmail" finished-at="2023-05-10T21:19:34 WAT" duration-ms="103" status="PASS">
          <reporter-output>
          </reporter-output>
        </test-method> <!-- validEmail -->
        <test-method is-config="true" signature="afterExecution()[pri:0, instance:testCases.SignUp@10163d6]" started-at="2023-05-10T21:19:34 WAT" name="afterExecution" finished-at="2023-05-10T21:19:34 WAT" duration-ms="0" status="PASS">
          <reporter-output>
          </reporter-output>
        </test-method> <!-- afterExecution -->
      </class> <!-- testCases.SignUp -->
    </test> <!-- Default test -->
  </suite> <!-- Default suite -->
</testng-results>
